Arguments: 
  C:\Program Files\nodejs\node.exe C:\Program Files (x86)\Yarn\bin\yarn.js add tailwindcss @tailwindcss/typography @tailwindcss/ui -D

PATH: 
  C:\Program Files\Git\mingw64\bin;C:\Program Files\Git\usr\bin;C:\Users\gs816\bin;C:\Program Files (x86)\VMware\VMware Workstation\bin;C:\ProgramData\Miniconda3;C:\ProgramData\Miniconda3\Library\mingw-w64\bin;C:\ProgramData\Miniconda3\Library\usr\bin;C:\ProgramData\Miniconda3\Library\bin;C:\ProgramData\Miniconda3\Scripts;C:\Program Files (x86)\Common Files\Intel\Shared Libraries\redist\intel64\compiler;C:\Program Files (x86)\Common Files\Intel\Shared Files\cpp\bin\Intel64;C:\Program Files\MongoDB\Server\4.2\bin\mongo.exe;C:\WINDOWS\system32;C:\WINDOWS;C:\WINDOWS\System32\Wbem;C:\WINDOWS\System32\WindowsPowerShell\v1.0;C:\WINDOWS\System32\OpenSSH;C:\Program Files (x86)\Yarn\bin;C:\Program Files\nodejs;C:\HashiCorp\Vagrant\bin;C:\Program Files\Git\cmd;C:\Users\gs816\AppData\Local\Microsoft\WindowsApps;C:\Users\gs816\AppData\Local\Programs\Microsoft VS Code\bin;C:\Program Files\MongoDB\Server\4.2\bin;C:\Program Files\nodejs;C:\Program Files\Docker Toolbox;C:\Users\gs816\AppData\Local\GitHubDesktop\bin;C:\Users\gs816\google-cloud-sdk\bin;C:\Users\gs816\AppData\Local\Google\Cloud SDK\google-cloud-sdk\bin;C:\Users\gs816\AppData\Local\Yarn\bin;C:\Users\gs816\AppData\Roaming\npm;C:\Program Files\heroku\bin

Yarn version: 
  1.22.5

Node version: 
  14.15.0

Platform: 
  win32 x64

Trace: 
  Error: EPERM: operation not permitted, unlink 'A:\neogcamp\vite+react+tailwind\node_modules\esbuild\esbuild.exe'

npm manifest: 
  {
    "name": "my-vue-app",
    "version": "0.0.0",
    "scripts": {
      "dev": "vite",
      "build": "vite build",
      "serve": "vite preview"
    },
    "dependencies": {
      "react": "^17.0.0",
      "react-dom": "^17.0.0"
    },
    "devDependencies": {
      "@vitejs/plugin-react-refresh": "^1.3.1",
      "vite": "^2.4.4"
    }
  }

yarn manifest: 
  No manifest

Lockfile: 
  No lockfile
